Determining if the pthread_create exist failed with the following output:
Change Dir: /home/zk/zk/ROBOT/learn_action/build/CMakeFiles/CMakeTmp

Run Build Command:"/usr/bin/make" "cmTC_46f58/fast"
/usr/bin/make -f CMakeFiles/cmTC_46f58.dir/build.make CMakeFiles/cmTC_46f58.dir/build
make[1]: 进入目录“/home/zk/zk/ROBOT/learn_action/build/CMakeFiles/CMakeTmp”
Building C object CMakeFiles/cmTC_46f58.dir/CheckSymbolExists.c.o
/usr/bin/cc    -o CMakeFiles/cmTC_46f58.dir/CheckSymbolExists.c.o   -c /home/zk/zk/ROBOT/learn_action/build/CMakeFiles/CMakeTmp/CheckSymbolExists.c
Linking C executable cmTC_46f58
/usr/bin/cmake -E cmake_link_script CMakeFiles/cmTC_46f58.dir/link.txt --verbose=1
/usr/bin/cc      -rdynamic CMakeFiles/cmTC_46f58.dir/CheckSymbolExists.c.o  -o cmTC_46f58 
CMakeFiles/cmTC_46f58.dir/CheckSymbolExists.c.o：在函数‘main’中：
CheckSymbolExists.c:(.text+0x1b)：对‘pthread_create’未定义的引用
collect2: error: ld returned 1 exit status
CMakeFiles/cmTC_46f58.dir/build.make:97: recipe for target 'cmTC_46f58' failed
make[1]: *** [cmTC_46f58] Error 1
make[1]: 离开目录“/home/zk/zk/ROBOT/learn_action/build/CMakeFiles/CMakeTmp”
Makefile:126: recipe for target 'cmTC_46f58/fast' failed
make: *** [cmTC_46f58/fast] Error 2

File /home/zk/zk/ROBOT/learn_action/build/CMakeFiles/CMakeTmp/CheckSymbolExists.c:
/* */
#include <pthread.h>

int main(int argc, char** argv)
{
  (void)argv;
#ifndef pthread_create
  return ((int*)(&pthread_create))[argc];
#else
  (void)argc;
  return 0;
#endif
}

Determining if the function pthread_create exists in the pthreads failed with the following output:
Change Dir: /home/zk/zk/ROBOT/learn_action/build/CMakeFiles/CMakeTmp

Run Build Command:"/usr/bin/make" "cmTC_a3d08/fast"
/usr/bin/make -f CMakeFiles/cmTC_a3d08.dir/build.make CMakeFiles/cmTC_a3d08.dir/build
make[1]: 进入目录“/home/zk/zk/ROBOT/learn_action/build/CMakeFiles/CMakeTmp”
Building C object CMakeFiles/cmTC_a3d08.dir/CheckFunctionExists.c.o
/usr/bin/cc   -DCHECK_FUNCTION_EXISTS=pthread_create   -o CMakeFiles/cmTC_a3d08.dir/CheckFunctionExists.c.o   -c /usr/share/cmake-3.10/Modules/CheckFunctionExists.c
Linking C executable cmTC_a3d08
/usr/bin/cmake -E cmake_link_script CMakeFiles/cmTC_a3d08.dir/link.txt --verbose=1
/usr/bin/cc  -DCHECK_FUNCTION_EXISTS=pthread_create    -rdynamic CMakeFiles/cmTC_a3d08.dir/CheckFunctionExists.c.o  -o cmTC_a3d08 -lpthreads 
/usr/bin/ld: 找不到 -lpthreads
collect2: error: ld returned 1 exit status
CMakeFiles/cmTC_a3d08.dir/build.make:97: recipe for target 'cmTC_a3d08' failed
make[1]: *** [cmTC_a3d08] Error 1
make[1]: 离开目录“/home/zk/zk/ROBOT/learn_action/build/CMakeFiles/CMakeTmp”
Makefile:126: recipe for target 'cmTC_a3d08/fast' failed
make: *** [cmTC_a3d08/fast] Error 2


